Пн июл 9 13:01:01 +07 2018 Процесс vim работает
Пн июл 9 14:01:01 +07 2018 Процесс vim работает
Пн июл 9 15:01:01 +07 2018 Процесс vim работает
Пн июл 9 18:01:01 +07 2018 Процесс vim работает
Пн июл 9 21:01:01 +07 2018 Процесс vim работает
Пн июл 9 22:01:01 +07 2018 Процесс vim работает
Пн июл 9 23:01:01 +07 2018 Процесс vim работает
Вт июл 10 00:01:01 +07 2018 Процесс vim работает
Вт июл 10 01:01:01 +07 2018 Процесс vim работает
Вт июл 10 11:01:01 +07 2018 Процесс vim работает
Вт июл 10 12:01:02 +07 2018 Процесс vim работает
Вт июл 10 13:01:01 +07 2018 Процесс vim работает
Вт июл 10 16:01:01 +07 2018 Процесс vim работает
Вт июл 10 17:01:01 +07 2018 Процесс vim работает
Вт июл 10 18:01:01 +07 2018 Процесс vim работает
Вт июл 10 19:01:01 +07 2018 Процесс vim работает
Вт июл 10 20:01:02 +07 2018 Процесс vim работает
Вт июл 10 21:01:01 +07 2018 Процесс vim работает
Вт июл 10 22:01:01 +07 2018 Процесс vim работает
Вт июл 10 23:01:01 +07 2018 Процесс vim работает
Ср июл 11 00:01:01 +07 2018 Процесс vim работает
Ср июл 11 01:01:01 +07 2018 Процесс vim работает
Ср июл 11 11:01:02 +07 2018 Процесс vim работает
Ср июл 11 12:01:01 +07 2018 Процесс vim работает
Ср июл 11 13:01:01 +07 2018 Процесс vim работает
Ср июл 11 21:01:02 +07 2018 Процесс vim работает
Ср июл 11 22:01:01 +07 2018 Процесс vim работает
Ср июл 11 23:01:02 +07 2018 Процесс vim работает
Чт июл 12 00:01:01 +07 2018 Процесс vim работает
Чт июл 12 01:01:01 +07 2018 Процесс vim работает
Чт июл 12 14:01:01 +07 2018 Процесс vim работает
Пн июл 23 11:01:01 +07 2018 Процесс vim работает
Пн июл 23 12:01:01 +07 2018 Процесс vim работает
Вт июл 24 12:01:01 +07 2018 Процесс vim работает
Вт июл 24 13:01:01 +07 2018 Процесс vim работает
Вт июл 24 17:01:02 +07 2018 Процесс vim работает
Вт июл 24 18:01:01 +07 2018 Процесс vim работает
Вт июл 24 19:01:01 +07 2018 Процесс vim работает
Вт июл 24 20:01:01 +07 2018 Процесс vim работает
Вт июл 24 21:01:01 +07 2018 Процесс vim работает
Вт июл 24 22:01:02 +07 2018 Процесс vim работает
Tue 24 Jul 23:01:01 +07 2018 Процесс vim работает
Wed 25 Jul 00:01:02 +07 2018 Процесс vim работает
Wed 25 Jul 01:01:02 +07 2018 Процесс vim работает
Wed 25 Jul 02:01:01 +07 2018 Процесс vim работает
Wed 25 Jul 11:01:01 +07 2018 Процесс vim работает
Wed 25 Jul 12:01:02 +07 2018 Процесс vim работает
Wed 25 Jul 13:01:01 +07 2018 Процесс vim работает
Wed 25 Jul 14:01:02 +07 2018 Процесс vim работает
Wed 25 Jul 19:01:02 +07 2018 Процесс vim работает
Wed 25 Jul 20:01:01 +07 2018 Процесс vim работает
Wed 25 Jul 21:01:01 +07 2018 Процесс vim работает
Wed 25 Jul 22:01:01 +07 2018 Процесс vim работает
Wed 25 Jul 23:01:01 +07 2018 Процесс vim работает
Thu 26 Jul 00:01:01 +07 2018 Процесс vim работает
Thu 26 Jul 01:01:01 +07 2018 Процесс vim работает
Thu 26 Jul 02:01:01 +07 2018 Процесс vim работает
Thu 26 Jul 03:01:01 +07 2018 Процесс vim работает
Thu 26 Jul 04:01:01 +07 2018 Процесс vim работает
Thu 26 Jul 05:01:01 +07 2018 Процесс vim работает
Thu 26 Jul 06:01:02 +07 2018 Процесс vim работает
Thu 26 Jul 07:01:01 +07 2018 Процесс vim работает
Thu 26 Jul 08:01:01 +07 2018 Процесс vim работает
Thu 26 Jul 09:01:01 +07 2018 Процесс vim работает
Thu 26 Jul 10:01:01 +07 2018 Процесс vim работает
Thu 26 Jul 11:01:01 +07 2018 Процесс vim работает
Thu 26 Jul 12:01:01 +07 2018 Процесс vim работает
Thu 26 Jul 13:01:01 +07 2018 Процесс vim работает
Thu 26 Jul 14:01:02 +07 2018 Процесс vim работает
Thu 26 Jul 22:01:01 +07 2018 Процесс vim работает
